runtime-EclipseISML/AppIonic/bin/Genionic/platforms/android/build/outputs/logs/manifest-merger-debug-report.txt
-- Merging decision tree log ---
manifest
ADDED from platforms/android/AndroidManifest.xml:2:1-26:12
	package
		ADDED from platforms/android/AndroidManifest.xml:2:98-124
		INJECTED from platforms/android/AndroidManifest.xml
		INJECTED from platforms/android/AndroidManifest.xml
	android:versionName
		ADDED from platforms/android/AndroidManifest.xml:2:70-97
		INJECTED from platforms/android/AndroidManifest.xml
		INJECTED from platforms/android/AndroidManifest.xml
	android:hardwareAccelerated
		ADDED from platforms/android/AndroidManifest.xml:2:11-45
	android:versionCode
		ADDED from platforms/android/AndroidManifest.xml:2:46-69
		INJECTED from platforms/android/AndroidManifest.xml
		INJECTED from platforms/android/AndroidManifest.xml
	xmlns:android
		ADDED from platforms/android/AndroidManifest.xml:2:125-183
supports-screens
ADDED from platforms/android/AndroidManifest.xml:3:5-191
	android:largeScreens
		ADDED from platforms/android/AndroidManifest.xml:3:49-76
	android:smallScreens
		ADDED from platforms/android/AndroidManifest.xml:3:132-159
	android:normalScreens
		ADDED from platforms/android/AndroidManifest.xml:3:77-105
	android:xlargeScreens
		ADDED from platforms/android/AndroidManifest.xml:3:160-188
	android:resizeable
		ADDED from platforms/android/AndroidManifest.xml:3:106-131
	android:anyDensity
		ADDED from platforms/android/AndroidManifest.xml:3:23-48
application
ADDED from platforms/android/AndroidManifest.xml:4:5-16:19
MERGED from [com.google.android.gms:play-services-maps:11.0.2] AndroidManifest.xml:24:5-19
MERGED from [com.google.android.gms:play-services-location:11.0.2] AndroidManifest.xml:4:5-19
MERGED from [com.google.android.gms:play-services-base:11.0.2] AndroidManifest.xml:18:5-20:19
MERGED from [com.google.android.gms:play-services-tasks:11.0.2] AndroidManifest.xml:4:5-19
MERGED from [com.google.android.gms:play-services-basement:11.0.2] AndroidManifest.xml:19:5-21:19
MERGED from [com.android.support:support-v4:25.2.0] AndroidManifest.xml:25:5-20
MERGED from [com.android.support:support-fragment:25.2.0] AndroidManifest.xml:25:5-20
MERGED from [com.android.support:support-media-compat:25.2.0] AndroidManifest.xml:25:5-20
MERGED from [com.android.support:support-core-ui:25.2.0] AndroidManifest.xml:25:5-20
MERGED from [com.android.support:support-core-utils:25.2.0] AndroidManifest.xml:25:5-20
MERGED from [com.android.support:support-compat:25.2.0] AndroidManifest.xml:25:5-20
	android:label
		ADDED from platforms/android/AndroidManifest.xml:4:81-113
	android:supportsRtl
		ADDED from platforms/android/AndroidManifest.xml:4:114-140
	android:hardwareAccelerated
		ADDED from platforms/android/AndroidManifest.xml:4:18-52
	android:icon
		ADDED from platforms/android/AndroidManifest.xml:4:53-80
activity#io.ionic.starter.MainActivity
ADDED from platforms/android/AndroidManifest.xml:5:9-10:20
	android:label
		ADDED from platforms/android/AndroidManifest.xml:5:97-134
	android:launchMode
		ADDED from platforms/android/AndroidManifest.xml:5:135-165
	android:windowSoftInputMode
		ADDED from platforms/android/AndroidManifest.xml:5:257-299
	android:configChanges
		ADDED from platforms/android/AndroidManifest.xml:5:19-96
	android:theme
		ADDED from platforms/android/AndroidManifest.xml:5:194-256
	android:name
		ADDED from platforms/android/AndroidManifest.xml:5:166-193
intent-filter#android.intent.action.MAIN+android.intent.category.LAUNCHER
ADDED from platforms/android/AndroidManifest.xml:6:13-9:29
	android:label
		ADDED from platforms/android/AndroidManifest.xml:6:28-65
action#android.intent.action.MAIN
ADDED from platforms/android/AndroidManifest.xml:7:17-69
	android:name
		ADDED from platforms/android/AndroidManifest.xml:7:25-66
category#android.intent.category.LAUNCHER
ADDED from platforms/android/AndroidManifest.xml:8:17-77
	android:name
		ADDED from platforms/android/AndroidManifest.xml:8:27-74
provider#android.support.v4.content.FileProvider
ADDED from platforms/android/AndroidManifest.xml:11:9-13:20
	android:authorities
		ADDED from platforms/android/AndroidManifest.xml:11:19-66
		INJECTED from platforms/android/AndroidManifest.xml
	android:grantUriPermissions
		ADDED from platforms/android/AndroidManifest.xml:11:92-126
	android:exported
		ADDED from platforms/android/AndroidManifest.xml:11:67-91
	android:name
		ADDED from platforms/android/AndroidManifest.xml:11:127-181
meta-data#android.support.FILE_PROVIDER_PATHS
ADDED from platforms/android/AndroidManifest.xml:12:13-116
	android:resource
		ADDED from platforms/android/AndroidManifest.xml:12:75-113
	android:name
		ADDED from platforms/android/AndroidManifest.xml:12:24-74
meta-data#com.google.android.geo.API_KEY
ADDED from platforms/android/AndroidManifest.xml:14:9-124
	android:value
		ADDED from platforms/android/AndroidManifest.xml:14:66-121
	android:name
		ADDED from platforms/android/AndroidManifest.xml:14:20-65
meta-data#com.google.android.gms.version
ADDED from platforms/android/AndroidManifest.xml:15:9-122
MERGED from [com.google.android.gms:play-services-basement:11.0.2] AndroidManifest.xml:20:9-121
	android:value
		ADDED from platforms/android/AndroidManifest.xml:15:66-119
	android:name
		ADDED from platforms/android/AndroidManifest.xml:15:20-65
uses-sdk
ADDED from platforms/android/AndroidManifest.xml:17:5-74
MERGED from [com.google.android.gms:play-services-maps:11.0.2] AndroidManifest.xml:23:5-43
MERGED from [com.google.android.gms:play-services-location:11.0.2] AndroidManifest.xml:3:5-43
MERGED from [com.google.android.gms:play-services-base:11.0.2] AndroidManifest.xml:17:5-43
MERGED from [com.google.android.gms:play-services-tasks:11.0.2] AndroidManifest.xml:3:5-43
MERGED from [com.google.android.gms:play-services-basement:11.0.2] AndroidManifest.xml:17:5-43
MERGED from [com.android.support:support-v4:25.2.0] AndroidManifest.xml:21:5-23:54
MERGED from [com.android.support:support-fragment:25.2.0] AndroidManifest.xml:21:5-23:60
MERGED from [com.android.support:support-media-compat:25.2.0] AndroidManifest.xml:21:5-23:63
MERGED from [com.android.support:support-core-ui:25.2.0] AndroidManifest.xml:21:5-23:58
MERGED from [com.android.support:support-core-utils:25.2.0] AndroidManifest.xml:21:5-23:61
MERGED from [com.android.support:support-compat:25.2.0] AndroidManifest.xml:21:5-23:58
MERGED from [org.apache.cordova:CordovaLib:6.2.3:debug] AndroidManifest.xml:25:5-44
	tools:overrideLibrary
		ADDED from [com.android.support:support-v4:25.2.0] AndroidManifest.xml:23:9-51
	android:targetSdkVersion
		ADDED from platforms/android/AndroidManifest.xml:17:42-71
	android:minSdkVersion
		ADDED from platforms/android/AndroidManifest.xml:17:15-41
uses-permission#android.permission.WRITE_EXTERNAL_STORAGE
ADDED from platforms/android/AndroidManifest.xml:18:5-81
	android:name
		ADDED from platforms/android/AndroidManifest.xml:18:22-78
uses-permission#android.permission.ACCESS_COARSE_LOCATION
ADDED from platforms/android/AndroidManifest.xml:19:5-81
	android:name
		ADDED from platforms/android/AndroidManifest.xml:19:22-78
uses-permission#android.permission.ACCESS_FINE_LOCATION
ADDED from platforms/android/AndroidManifest.xml:20:5-79
	android:name
		ADDED from platforms/android/AndroidManifest.xml:20:22-76
uses-feature#android.hardware.location.gps
ADDED from platforms/android/AndroidManifest.xml:21:5-66
	android:name
		ADDED from platforms/android/AndroidManifest.xml:21:19-63
uses-permission#android.permission.ACCESS_NETWORK_STATE
ADDED from platforms/android/AndroidManifest.xml:22:5-79
MERGED from [com.google.android.gms:play-services-maps:11.0.2] AndroidManifest.xml:19:5-78
	android:name
		ADDED from platforms/android/AndroidManifest.xml:22:22-76
uses-permission#android.permission.INTERNET
ADDED from platforms/android/AndroidManifest.xml:23:5-67
MERGED from [com.google.android.gms:play-services-maps:11.0.2] AndroidManifest.xml:20:5-66
	android:name
		ADDED from platforms/android/AndroidManifest.xml:23:22-64
uses-feature#0x00020000
ADDED from platforms/android/AndroidManifest.xml:24:5-78
MERGED from [com.google.android.gms:play-services-maps:11.0.2] AndroidManifest.xml:21:5-77
	android:glEsVersion
		ADDED from platforms/android/AndroidManifest.xml:24:19-51
	android:required
		ADDED from platforms/android/AndroidManifest.xml:24:52-75
uses-feature#android.hardware.location
ADDED from platforms/android/AndroidManifest.xml:25:5-62
	android:name
		ADDED from platforms/android/AndroidManifest.xml:25:19-59
activity#com.google.android.gms.common.api.GoogleApiActivity
ADDED from [com.google.android.gms:play-services-base:11.0.2] AndroidManifest.xml:19:9-172
	android:exported
		ADDED from [com.google.android.gms:play-services-base:11.0.2] AndroidManifest.xml:19:146-170
	android:theme
		ADDED from [com.google.android.gms:play-services-base:11.0.2] AndroidManifest.xml:19:86-145
	android:name
		ADDED from [com.google.android.gms:play-services-base:11.0.2] AndroidManifest.xml:19:19-85